<?xml version="1.0" encoding="UTF-8"?>
<coverage generated="1674873433878" clover="3.2.0">
  <project timestamp="1674873433878" name="All files">
    <metrics statements="168" coveredstatements="117" conditionals="90" coveredconditionals="42" methods="60" coveredmethods="40" elements="318" coveredelements="199" complexity="0" loc="168" ncloc="168" packages="15" files="17" classes="17"/>
    <package name="src">
      <metrics statements="1" coveredstatements="0" conditionals="0" coveredconditionals="0" methods="0" coveredmethods="0"/>
      <file name="index.jsx" path="D:\Dedy R\01 Documents\shiny-agency\src\index.jsx">
        <metrics statements="1" coveredstatements="0" conditionals="0" coveredconditionals="0" methods="0" coveredmethods="0"/>
        <line num="14" count="0" type="stmt"/>
      </file>
    </package>
    <package name="src.components.Card">
      <metrics statements="17" coveredstatements="17" conditionals="8" coveredconditionals="5" methods="6" coveredmethods="6"/>
      <file name="index.jsx" path="D:\Dedy R\01 Documents\shiny-agency\src\components\Card\index.jsx">
        <metrics statements="17" coveredstatements="17" conditionals="8" coveredconditionals="5" methods="6" coveredmethods="6"/>
        <line num="7" count="2" type="stmt"/>
        <line num="8" count="5" type="cond" truecount="1" falsecount="1"/>
        <line num="14" count="2" type="stmt"/>
        <line num="15" count="5" type="cond" truecount="1" falsecount="1"/>
        <line num="24" count="2" type="stmt"/>
        <line num="31" count="2" type="stmt"/>
        <line num="37" count="5" type="cond" truecount="1" falsecount="1"/>
        <line num="48" count="4" type="stmt"/>
        <line num="49" count="4" type="stmt"/>
        <line num="54" count="4" type="stmt"/>
        <line num="55" count="1" type="stmt"/>
        <line num="59" count="5" type="stmt"/>
        <line num="60" count="5" type="stmt"/>
        <line num="61" count="5" type="cond" truecount="2" falsecount="0"/>
        <line num="63" count="5" type="stmt"/>
        <line num="75" count="2" type="stmt"/>
        <line num="82" count="2" type="stmt"/>
      </file>
    </package>
    <package name="src.components.EmailInput">
      <metrics statements="10" coveredstatements="9" conditionals="8" coveredconditionals="8" methods="6" coveredmethods="5"/>
      <file name="index.jsx" path="D:\Dedy R\01 Documents\shiny-agency\src\components\EmailInput\index.jsx">
        <metrics statements="10" coveredstatements="9" conditionals="8" coveredconditionals="8" methods="6" coveredmethods="5"/>
        <line num="5" count="1" type="stmt"/>
        <line num="6" count="3" type="cond" truecount="2" falsecount="0"/>
        <line num="11" count="1" type="stmt"/>
        <line num="12" count="3" type="cond" truecount="2" falsecount="0"/>
        <line num="15" count="1" type="stmt"/>
        <line num="17" count="3" type="cond" truecount="2" falsecount="0"/>
        <line num="20" count="3" type="cond" truecount="2" falsecount="0"/>
        <line num="26" count="3" type="stmt"/>
        <line num="28" count="3" type="stmt"/>
        <line num="33" count="0" type="stmt"/>
      </file>
    </package>
    <package name="src.components.EmptyList">
      <metrics statements="8" coveredstatements="4" conditionals="6" coveredconditionals="0" methods="4" coveredmethods="0"/>
      <file name="index.jsx" path="D:\Dedy R\01 Documents\shiny-agency\src\components\EmptyList\index.jsx">
        <metrics statements="8" coveredstatements="4" conditionals="6" coveredconditionals="0" methods="4" coveredmethods="0"/>
        <line num="5" count="1" type="stmt"/>
        <line num="12" count="0" type="cond" truecount="0" falsecount="2"/>
        <line num="15" count="1" type="stmt"/>
        <line num="16" count="0" type="cond" truecount="0" falsecount="2"/>
        <line num="19" count="1" type="stmt"/>
        <line num="20" count="0" type="cond" truecount="0" falsecount="2"/>
        <line num="24" count="1" type="stmt"/>
        <line num="29" count="0" type="stmt"/>
      </file>
    </package>
    <package name="src.components.Error">
      <metrics statements="5" coveredstatements="0" conditionals="0" coveredconditionals="0" methods="1" coveredmethods="0"/>
      <file name="index.jsx" path="D:\Dedy R\01 Documents\shiny-agency\src\components\Error\index.jsx">
        <metrics statements="5" coveredstatements="0" conditionals="0" coveredconditionals="0" methods="1" coveredmethods="0"/>
        <line num="4" count="0" type="stmt"/>
        <line num="12" count="0" type="stmt"/>
        <line num="16" count="0" type="stmt"/>
        <line num="21" count="0" type="stmt"/>
        <line num="26" count="0" type="stmt"/>
      </file>
    </package>
    <package name="src.components.Footer">
      <metrics statements="5" coveredstatements="5" conditionals="2" coveredconditionals="2" methods="2" coveredmethods="2"/>
      <file name="index.jsx" path="D:\Dedy R\01 Documents\shiny-agency\src\components\Footer\index.jsx">
        <metrics statements="5" coveredstatements="5" conditionals="2" coveredconditionals="2" methods="2" coveredmethods="2"/>
        <line num="6" count="1" type="stmt"/>
        <line num="14" count="1" type="stmt"/>
        <line num="23" count="3" type="stmt"/>
        <line num="25" count="3" type="stmt"/>
        <line num="28" count="1" type="stmt"/>
      </file>
    </package>
    <package name="src.components.Header">
      <metrics statements="4" coveredstatements="0" conditionals="2" coveredconditionals="0" methods="1" coveredmethods="0"/>
      <file name="index.jsx" path="D:\Dedy R\01 Documents\shiny-agency\src\components\Header\index.jsx">
        <metrics statements="4" coveredstatements="0" conditionals="2" coveredconditionals="0" methods="1" coveredmethods="0"/>
        <line num="8" count="0" type="stmt"/>
        <line num="12" count="0" type="stmt"/>
        <line num="20" count="0" type="stmt"/>
        <line num="22" count="0" type="stmt"/>
      </file>
    </package>
    <package name="src.pages.Freelances">
      <metrics statements="13" coveredstatements="12" conditionals="8" coveredconditionals="5" methods="4" coveredmethods="4"/>
      <file name="index.jsx" path="D:\Dedy R\01 Documents\shiny-agency\src\pages\Freelances\index.jsx">
        <metrics statements="13" coveredstatements="12" conditionals="8" coveredconditionals="5" methods="4" coveredmethods="4"/>
        <line num="7" count="1" type="stmt"/>
        <line num="16" count="1" type="stmt"/>
        <line num="20" count="2" type="cond" truecount="1" falsecount="1"/>
        <line num="23" count="1" type="stmt"/>
        <line num="29" count="2" type="cond" truecount="1" falsecount="1"/>
        <line num="32" count="1" type="stmt"/>
        <line num="38" count="2" type="stmt"/>
        <line num="39" count="2" type="stmt"/>
        <line num="43" count="2" type="stmt"/>
        <line num="45" count="2" type="cond" truecount="1" falsecount="1"/>
        <line num="46" count="0" type="stmt"/>
        <line num="49" count="2" type="stmt"/>
        <line num="62" count="2" type="stmt"/>
      </file>
    </package>
    <package name="src.pages.Home">
      <metrics statements="9" coveredstatements="9" conditionals="4" coveredconditionals="2" methods="3" coveredmethods="3"/>
      <file name="index.jsx" path="D:\Dedy R\01 Documents\shiny-agency\src\pages\Home\index.jsx">
        <metrics statements="9" coveredstatements="9" conditionals="4" coveredconditionals="2" methods="3" coveredmethods="3"/>
        <line num="7" count="1" type="stmt"/>
        <line num="12" count="1" type="stmt"/>
        <line num="15" count="1" type="cond" truecount="1" falsecount="1"/>
        <line num="22" count="1" type="stmt"/>
        <line num="32" count="1" type="stmt"/>
        <line num="36" count="1" type="cond" truecount="1" falsecount="1"/>
        <line num="39" count="1" type="stmt"/>
        <line num="44" count="1" type="stmt"/>
        <line num="46" count="1" type="stmt"/>
      </file>
    </package>
    <package name="src.pages.Results">
      <metrics statements="30" coveredstatements="28" conditionals="22" coveredconditionals="16" methods="10" coveredmethods="10"/>
      <file name="index.jsx" path="D:\Dedy R\01 Documents\shiny-agency\src\pages\Results\index.jsx">
        <metrics statements="30" coveredstatements="28" conditionals="22" coveredconditionals="16" methods="10" coveredmethods="10"/>
        <line num="9" count="1" type="stmt"/>
        <line num="16" count="1" type="cond" truecount="1" falsecount="1"/>
        <line num="19" count="1" type="stmt"/>
        <line num="20" count="1" type="cond" truecount="1" falsecount="1"/>
        <line num="30" count="1" type="stmt"/>
        <line num="34" count="1" type="stmt"/>
        <line num="36" count="4" type="cond" truecount="1" falsecount="1"/>
        <line num="40" count="1" type="stmt"/>
        <line num="43" count="2" type="cond" truecount="1" falsecount="1"/>
        <line num="51" count="1" type="stmt"/>
        <line num="57" count="4" type="stmt"/>
        <line num="59" count="4" type="stmt"/>
        <line num="60" count="3" type="stmt"/>
        <line num="61" count="3" type="cond" truecount="2" falsecount="0"/>
        <line num="62" count="3" type="stmt"/>
        <line num="67" count="4" type="cond" truecount="2" falsecount="0"/>
        <line num="68" count="2" type="stmt"/>
        <line num="70" count="2" type="stmt"/>
        <line num="75" count="2" type="stmt"/>
        <line num="76" count="2" type="stmt"/>
        <line num="77" count="2" type="stmt"/>
        <line num="79" count="2" type="stmt"/>
        <line num="83" count="2" type="cond" truecount="1" falsecount="1"/>
        <line num="84" count="0" type="stmt"/>
        <line num="87" count="2" type="stmt"/>
        <line num="89" count="2" type="cond" truecount="1" falsecount="1"/>
        <line num="90" count="0" type="stmt"/>
        <line num="93" count="2" type="cond" truecount="2" falsecount="0"/>
        <line num="103" count="2" type="stmt"/>
        <line num="117" count="2" type="stmt"/>
      </file>
    </package>
    <package name="src.pages.Survey">
      <metrics statements="26" coveredstatements="0" conditionals="22" coveredconditionals="0" methods="10" coveredmethods="0"/>
      <file name="index.jsx" path="D:\Dedy R\01 Documents\shiny-agency\src\pages\Survey\index.jsx">
        <metrics statements="26" coveredstatements="0" conditionals="22" coveredconditionals="0" methods="10" coveredmethods="0"/>
        <line num="10" count="0" type="stmt"/>
        <line num="16" count="0" type="stmt"/>
        <line num="19" count="0" type="cond" truecount="0" falsecount="2"/>
        <line num="22" count="0" type="stmt"/>
        <line num="24" count="0" type="cond" truecount="0" falsecount="2"/>
        <line num="27" count="0" type="stmt"/>
        <line num="30" count="0" type="cond" truecount="0" falsecount="2"/>
        <line num="37" count="0" type="stmt"/>
        <line num="45" count="0" type="cond" truecount="0" falsecount="2"/>
        <line num="46" count="0" type="cond" truecount="0" falsecount="2"/>
        <line num="50" count="0" type="cond" truecount="0" falsecount="2"/>
        <line num="59" count="0" type="stmt"/>
        <line num="65" count="0" type="stmt"/>
        <line num="66" count="0" type="stmt"/>
        <line num="67" count="0" type="cond" truecount="0" falsecount="2"/>
        <line num="68" count="0" type="stmt"/>
        <line num="69" count="0" type="stmt"/>
        <line num="71" count="0" type="stmt"/>
        <line num="74" count="0" type="stmt"/>
        <line num="76" count="0" type="stmt"/>
        <line num="77" count="0" type="stmt"/>
        <line num="79" count="0" type="cond" truecount="0" falsecount="2"/>
        <line num="80" count="0" type="stmt"/>
        <line num="83" count="0" type="stmt"/>
        <line num="95" count="0" type="stmt"/>
        <line num="102" count="0" type="stmt"/>
      </file>
    </package>
    <package name="src.utils.context">
      <metrics statements="12" coveredstatements="11" conditionals="2" coveredconditionals="1" methods="4" coveredmethods="3"/>
      <file name="index.jsx" path="D:\Dedy R\01 Documents\shiny-agency\src\utils\context\index.jsx">
        <metrics statements="12" coveredstatements="11" conditionals="2" coveredconditionals="1" methods="4" coveredmethods="3"/>
        <line num="3" count="5" type="stmt"/>
        <line num="5" count="5" type="stmt"/>
        <line num="6" count="8" type="stmt"/>
        <line num="7" count="8" type="stmt"/>
        <line num="8" count="1" type="cond" truecount="1" falsecount="1"/>
        <line num="11" count="8" type="stmt"/>
        <line num="18" count="5" type="stmt"/>
        <line num="20" count="5" type="stmt"/>
        <line num="21" count="2" type="stmt"/>
        <line num="22" count="2" type="stmt"/>
        <line num="23" count="0" type="stmt"/>
        <line num="26" count="2" type="stmt"/>
      </file>
    </package>
    <package name="src.utils.hooks">
      <metrics statements="17" coveredstatements="15" conditionals="2" coveredconditionals="1" methods="4" coveredmethods="4"/>
      <file name="index.jsx" path="D:\Dedy R\01 Documents\shiny-agency\src\utils\hooks\index.jsx">
        <metrics statements="17" coveredstatements="15" conditionals="2" coveredconditionals="1" methods="4" coveredmethods="4"/>
        <line num="5" count="4" type="stmt"/>
        <line num="6" count="4" type="stmt"/>
        <line num="7" count="4" type="stmt"/>
        <line num="9" count="4" type="stmt"/>
        <line num="10" count="2" type="cond" truecount="1" falsecount="1"/>
        <line num="11" count="2" type="stmt"/>
        <line num="13" count="2" type="stmt"/>
        <line num="14" count="2" type="stmt"/>
        <line num="15" count="2" type="stmt"/>
        <line num="16" count="2" type="stmt"/>
        <line num="18" count="0" type="stmt"/>
        <line num="19" count="0" type="stmt"/>
        <line num="21" count="2" type="stmt"/>
        <line num="24" count="2" type="stmt"/>
        <line num="26" count="4" type="stmt"/>
        <line num="30" count="8" type="stmt"/>
        <line num="31" count="8" type="stmt"/>
      </file>
    </package>
    <package name="src.utils.style">
      <metrics statements="9" coveredstatements="5" conditionals="4" coveredconditionals="2" methods="3" coveredmethods="1"/>
      <file name="Atoms.jsx" path="D:\Dedy R\01 Documents\shiny-agency\src\utils\style\Atoms.jsx">
        <metrics statements="4" coveredstatements="4" conditionals="2" coveredconditionals="2" methods="1" coveredmethods="1"/>
        <line num="5" count="3" type="stmt"/>
        <line num="14" count="3" type="stmt"/>
        <line num="24" count="3" type="stmt"/>
        <line num="31" count="2" type="cond" truecount="2" falsecount="0"/>
      </file>
      <file name="GlobalStyle.jsx" path="D:\Dedy R\01 Documents\shiny-agency\src\utils\style\GlobalStyle.jsx">
        <metrics statements="4" coveredstatements="0" conditionals="2" coveredconditionals="0" methods="2" coveredmethods="0"/>
        <line num="5" count="0" type="stmt"/>
        <line num="11" count="0" type="cond" truecount="0" falsecount="2"/>
        <line num="17" count="0" type="stmt"/>
        <line num="18" count="0" type="stmt"/>
      </file>
      <file name="colors.js" path="D:\Dedy R\01 Documents\shiny-agency\src\utils\style\colors.js">
        <metrics statements="1" coveredstatements="1" conditionals="0" coveredconditionals="0" methods="0" coveredmethods="0"/>
        <line num="1" count="5" type="stmt"/>
      </file>
    </package>
    <package name="src.utils.test">
      <metrics statements="2" coveredstatements="2" conditionals="0" coveredconditionals="0" methods="2" coveredmethods="2"/>
      <file name="index.jsx" path="D:\Dedy R\01 Documents\shiny-agency\src\utils\test\index.jsx">
        <metrics statements="2" coveredstatements="2" conditionals="0" coveredconditionals="0" methods="2" coveredmethods="2"/>
        <line num="7" count="2" type="stmt"/>
        <line num="15" count="2" type="stmt"/>
      </file>
    </package>
  </project>
</coverage>
