{"D:\\Dedy R\\01 Documents\\shiny-agency\\src\\index.jsx": {"path":"D:\\Dedy R\\01 Documents\\shiny-agency\\src\\index.jsx","statementMap":{"0":{"start":{"line":14,"column":0},"end":{"line":34,"column":1}}},"fnMap":{},"branchMap":{},"s":{"0":0},"f":{},"b":{}}
,"D:\\Dedy R\\01 Documents\\shiny-agency\\src\\components\\Card\\index.jsx": {"path":"D:\\Dedy R\\01 Documents\\shiny-agency\\src\\components\\Card\\index.jsx","statementMap":{"0":{"start":{"line":7,"column":18},"end":{"line":12,"column":1}},"1":{"start":{"line":8,"column":27},"end":{"line":8,"column":73}},"2":{"start":{"line":14,"column":18},"end":{"line":22,"column":1}},"3":{"start":{"line":15,"column":27},"end":{"line":15,"column":68}},"4":{"start":{"line":24,"column":18},"end":{"line":29,"column":1}},"5":{"start":{"line":31,"column":20},"end":{"line":44,"column":1}},"6":{"start":{"line":37,"column":4},"end":{"line":37,"column":70}},"7":{"start":{"line":48,"column":4},"end":{"line":48,"column":16}},"8":{"start":{"line":49,"column":4},"end":{"line":51,"column":5}},"9":{"start":{"line":54,"column":16},"end":{"line":56,"column":3}},"10":{"start":{"line":55,"column":4},"end":{"line":55,"column":57}},"11":{"start":{"line":59,"column":45},"end":{"line":59,"column":55}},"12":{"start":{"line":60,"column":27},"end":{"line":60,"column":37}},"13":{"start":{"line":61,"column":17},"end":{"line":61,"column":39}},"14":{"start":{"line":63,"column":4},"end":{"line":71,"column":5}},"15":{"start":{"line":75,"column":0},"end":{"line":80,"column":1}},"16":{"start":{"line":82,"column":0},"end":{"line":87,"column":1}}},"fnMap":{"0":{"name":"(anonymous_0)","decl":{"start":{"line":8,"column":11},"end":{"line":8,"column":12}},"loc":{"start":{"line":8,"column":27},"end":{"line":8,"column":73}},"line":8},"1":{"name":"(anonymous_1)","decl":{"start":{"line":15,"column":11},"end":{"line":15,"column":12}},"loc":{"start":{"line":15,"column":27},"end":{"line":15,"column":68}},"line":15},"2":{"name":"(anonymous_2)","decl":{"start":{"line":36,"column":22},"end":{"line":36,"column":23}},"loc":{"start":{"line":37,"column":4},"end":{"line":37,"column":70}},"line":37},"3":{"name":"(anonymous_3)","decl":{"start":{"line":47,"column":2},"end":{"line":47,"column":3}},"loc":{"start":{"line":47,"column":21},"end":{"line":52,"column":3}},"line":47},"4":{"name":"(anonymous_4)","decl":{"start":{"line":54,"column":16},"end":{"line":54,"column":17}},"loc":{"start":{"line":54,"column":22},"end":{"line":56,"column":3}},"line":54},"5":{"name":"(anonymous_5)","decl":{"start":{"line":58,"column":2},"end":{"line":58,"column":3}},"loc":{"start":{"line":58,"column":11},"end":{"line":72,"column":3}},"line":58}},"branchMap":{"0":{"loc":{"start":{"line":8,"column":27},"end":{"line":8,"column":73}},"type":"cond-expr","locations":[{"start":{"line":8,"column":47},"end":{"line":8,"column":61}},{"start":{"line":8,"column":64},"end":{"line":8,"column":73}}],"line":8},"1":{"loc":{"start":{"line":15,"column":27},"end":{"line":15,"column":68}},"type":"cond-expr","locations":[{"start":{"line":15,"column":47},"end":{"line":15,"column":56}},{"start":{"line":15,"column":59},"end":{"line":15,"column":68}}],"line":15},"2":{"loc":{"start":{"line":37,"column":4},"end":{"line":37,"column":70}},"type":"cond-expr","locations":[{"start":{"line":37,"column":24},"end":{"line":37,"column":46}},{"start":{"line":37,"column":49},"end":{"line":37,"column":70}}],"line":37},"3":{"loc":{"start":{"line":61,"column":17},"end":{"line":61,"column":39}},"type":"cond-expr","locations":[{"start":{"line":61,"column":30},"end":{"line":61,"column":34}},{"start":{"line":61,"column":37},"end":{"line":61,"column":39}}],"line":61}},"s":{"0":2,"1":5,"2":2,"3":5,"4":2,"5":2,"6":5,"7":4,"8":4,"9":4,"10":1,"11":5,"12":5,"13":5,"14":5,"15":2,"16":2},"f":{"0":5,"1":5,"2":5,"3":4,"4":1,"5":5},"b":{"0":[5,0],"1":[5,0],"2":[5,0],"3":[1,4]},"_coverageSchema":"1a1c01bbd47fc00a2c39e90264f33305004495a9","hash":"de3f70c0398fa9585fa56680ebb63c822d34bd97"}
,"D:\\Dedy R\\01 Documents\\shiny-agency\\src\\components\\EmailInput\\index.jsx": {"path":"D:\\Dedy R\\01 Documents\\shiny-agency\\src\\components\\EmailInput\\index.jsx","statementMap":{"0":{"start":{"line":5,"column":21},"end":{"line":9,"column":1}},"1":{"start":{"line":6,"column":27},"end":{"line":6,"column":68}},"2":{"start":{"line":11,"column":20},"end":{"line":13,"column":1}},"3":{"start":{"line":12,"column":27},"end":{"line":12,"column":68}},"4":{"start":{"line":15,"column":20},"end":{"line":23,"column":1}},"5":{"start":{"line":17,"column":27},"end":{"line":17,"column":68}},"6":{"start":{"line":20,"column":22},"end":{"line":20,"column":63}},"7":{"start":{"line":26,"column":38},"end":{"line":26,"column":50}},"8":{"start":{"line":28,"column":2},"end":{"line":37,"column":3}},"9":{"start":{"line":33,"column":25},"end":{"line":33,"column":54}}},"fnMap":{"0":{"name":"(anonymous_0)","decl":{"start":{"line":6,"column":11},"end":{"line":6,"column":12}},"loc":{"start":{"line":6,"column":27},"end":{"line":6,"column":68}},"line":6},"1":{"name":"(anonymous_1)","decl":{"start":{"line":12,"column":11},"end":{"line":12,"column":12}},"loc":{"start":{"line":12,"column":27},"end":{"line":12,"column":68}},"line":12},"2":{"name":"(anonymous_2)","decl":{"start":{"line":17,"column":11},"end":{"line":17,"column":12}},"loc":{"start":{"line":17,"column":27},"end":{"line":17,"column":68}},"line":17},"3":{"name":"(anonymous_3)","decl":{"start":{"line":20,"column":6},"end":{"line":20,"column":7}},"loc":{"start":{"line":20,"column":22},"end":{"line":20,"column":63}},"line":20},"4":{"name":"EmailInput","decl":{"start":{"line":25,"column":9},"end":{"line":25,"column":19}},"loc":{"start":{"line":25,"column":31},"end":{"line":38,"column":1}},"line":25},"5":{"name":"(anonymous_5)","decl":{"start":{"line":33,"column":18},"end":{"line":33,"column":19}},"loc":{"start":{"line":33,"column":25},"end":{"line":33,"column":54}},"line":33}},"branchMap":{"0":{"loc":{"start":{"line":6,"column":27},"end":{"line":6,"column":68}},"type":"cond-expr","locations":[{"start":{"line":6,"column":47},"end":{"line":6,"column":58}},{"start":{"line":6,"column":61},"end":{"line":6,"column":68}}],"line":6},"1":{"loc":{"start":{"line":12,"column":27},"end":{"line":12,"column":68}},"type":"cond-expr","locations":[{"start":{"line":12,"column":47},"end":{"line":12,"column":58}},{"start":{"line":12,"column":61},"end":{"line":12,"column":68}}],"line":12},"2":{"loc":{"start":{"line":17,"column":27},"end":{"line":17,"column":68}},"type":"cond-expr","locations":[{"start":{"line":17,"column":47},"end":{"line":17,"column":58}},{"start":{"line":17,"column":61},"end":{"line":17,"column":68}}],"line":17},"3":{"loc":{"start":{"line":20,"column":22},"end":{"line":20,"column":63}},"type":"cond-expr","locations":[{"start":{"line":20,"column":42},"end":{"line":20,"column":53}},{"start":{"line":20,"column":56},"end":{"line":20,"column":63}}],"line":20}},"s":{"0":1,"1":3,"2":1,"3":3,"4":1,"5":3,"6":3,"7":3,"8":3,"9":0},"f":{"0":3,"1":3,"2":3,"3":3,"4":3,"5":0},"b":{"0":[2,1],"1":[2,1],"2":[2,1],"3":[2,1]},"_coverageSchema":"1a1c01bbd47fc00a2c39e90264f33305004495a9","hash":"5989f0b3ab0be0bd3dfe7de4ba20752b2bde7c44"}
,"D:\\Dedy R\\01 Documents\\shiny-agency\\src\\components\\EmptyList\\index.jsx": {"path":"D:\\Dedy R\\01 Documents\\shiny-agency\\src\\components\\EmptyList\\index.jsx","statementMap":{"0":{"start":{"line":5,"column":18},"end":{"line":13,"column":1}},"1":{"start":{"line":12,"column":4},"end":{"line":12,"column":70}},"2":{"start":{"line":15,"column":14},"end":{"line":17,"column":1}},"3":{"start":{"line":16,"column":27},"end":{"line":16,"column":68}},"4":{"start":{"line":19,"column":17},"end":{"line":22,"column":1}},"5":{"start":{"line":20,"column":27},"end":{"line":20,"column":68}},"6":{"start":{"line":24,"column":21},"end":{"line":26,"column":1}},"7":{"start":{"line":29,"column":2},"end":{"line":37,"column":3}}},"fnMap":{"0":{"name":"(anonymous_0)","decl":{"start":{"line":11,"column":22},"end":{"line":11,"column":23}},"loc":{"start":{"line":12,"column":4},"end":{"line":12,"column":70}},"line":12},"1":{"name":"(anonymous_1)","decl":{"start":{"line":16,"column":11},"end":{"line":16,"column":12}},"loc":{"start":{"line":16,"column":27},"end":{"line":16,"column":68}},"line":16},"2":{"name":"(anonymous_2)","decl":{"start":{"line":20,"column":11},"end":{"line":20,"column":12}},"loc":{"start":{"line":20,"column":27},"end":{"line":20,"column":68}},"line":20},"3":{"name":"EmptyList","decl":{"start":{"line":28,"column":9},"end":{"line":28,"column":18}},"loc":{"start":{"line":28,"column":30},"end":{"line":38,"column":1}},"line":28}},"branchMap":{"0":{"loc":{"start":{"line":12,"column":4},"end":{"line":12,"column":70}},"type":"cond-expr","locations":[{"start":{"line":12,"column":24},"end":{"line":12,"column":46}},{"start":{"line":12,"column":49},"end":{"line":12,"column":70}}],"line":12},"1":{"loc":{"start":{"line":16,"column":27},"end":{"line":16,"column":68}},"type":"cond-expr","locations":[{"start":{"line":16,"column":47},"end":{"line":16,"column":56}},{"start":{"line":16,"column":59},"end":{"line":16,"column":68}}],"line":16},"2":{"loc":{"start":{"line":20,"column":27},"end":{"line":20,"column":68}},"type":"cond-expr","locations":[{"start":{"line":20,"column":47},"end":{"line":20,"column":56}},{"start":{"line":20,"column":59},"end":{"line":20,"column":68}}],"line":20}},"s":{"0":1,"1":0,"2":1,"3":0,"4":1,"5":0,"6":1,"7":0},"f":{"0":0,"1":0,"2":0,"3":0},"b":{"0":[0,0],"1":[0,0],"2":[0,0]},"_coverageSchema":"1a1c01bbd47fc00a2c39e90264f33305004495a9","hash":"6343029f158123c521f8f90e2bf7b37536d0924c"}
,"D:\\Dedy R\\01 Documents\\shiny-agency\\src\\components\\Error\\index.jsx": {"path":"D:\\Dedy R\\01 Documents\\shiny-agency\\src\\components\\Error\\index.jsx","statementMap":{"0":{"start":{"line":4,"column":21},"end":{"line":10,"column":1}},"1":{"start":{"line":12,"column":19},"end":{"line":14,"column":1}},"2":{"start":{"line":16,"column":22},"end":{"line":19,"column":1}},"3":{"start":{"line":21,"column":21},"end":{"line":23,"column":1}},"4":{"start":{"line":26,"column":2},"end":{"line":34,"column":3}}},"fnMap":{"0":{"name":"Error","decl":{"start":{"line":25,"column":9},"end":{"line":25,"column":14}},"loc":{"start":{"line":25,"column":17},"end":{"line":35,"column":1}},"line":25}},"branchMap":{},"s":{"0":0,"1":0,"2":0,"3":0,"4":0},"f":{"0":0},"b":{}}
,"D:\\Dedy R\\01 Documents\\shiny-agency\\src\\components\\Footer\\index.jsx": {"path":"D:\\Dedy R\\01 Documents\\shiny-agency\\src\\components\\Footer\\index.jsx","statementMap":{"0":{"start":{"line":6,"column":24},"end":{"line":12,"column":1}},"1":{"start":{"line":14,"column":24},"end":{"line":20,"column":1}},"2":{"start":{"line":23,"column":33},"end":{"line":23,"column":43}},"3":{"start":{"line":25,"column":2},"end":{"line":32,"column":3}},"4":{"start":{"line":28,"column":38},"end":{"line":28,"column":51}}},"fnMap":{"0":{"name":"Footer","decl":{"start":{"line":22,"column":9},"end":{"line":22,"column":15}},"loc":{"start":{"line":22,"column":18},"end":{"line":33,"column":1}},"line":22},"1":{"name":"(anonymous_1)","decl":{"start":{"line":28,"column":32},"end":{"line":28,"column":33}},"loc":{"start":{"line":28,"column":38},"end":{"line":28,"column":51}},"line":28}},"branchMap":{"0":{"loc":{"start":{"line":29,"column":27},"end":{"line":29,"column":58}},"type":"cond-expr","locations":[{"start":{"line":29,"column":47},"end":{"line":29,"column":51}},{"start":{"line":29,"column":54},"end":{"line":29,"column":58}}],"line":29}},"s":{"0":1,"1":1,"2":3,"3":3,"4":1},"f":{"0":3,"1":1},"b":{"0":[2,1]},"_coverageSchema":"1a1c01bbd47fc00a2c39e90264f33305004495a9","hash":"98dae4664c0dc1fff39c99774b76e2fbdd329435"}
,"D:\\Dedy R\\01 Documents\\shiny-agency\\src\\components\\Header\\index.jsx": {"path":"D:\\Dedy R\\01 Documents\\shiny-agency\\src\\components\\Header\\index.jsx","statementMap":{"0":{"start":{"line":8,"column":17},"end":{"line":10,"column":1}},"1":{"start":{"line":12,"column":21},"end":{"line":17,"column":1}},"2":{"start":{"line":20,"column":20},"end":{"line":20,"column":30}},"3":{"start":{"line":22,"column":2},"end":{"line":39,"column":3}}},"fnMap":{"0":{"name":"Header","decl":{"start":{"line":19,"column":9},"end":{"line":19,"column":15}},"loc":{"start":{"line":19,"column":18},"end":{"line":40,"column":1}},"line":19}},"branchMap":{"0":{"loc":{"start":{"line":25,"column":23},"end":{"line":25,"column":63}},"type":"cond-expr","locations":[{"start":{"line":25,"column":43},"end":{"line":25,"column":51}},{"start":{"line":25,"column":54},"end":{"line":25,"column":63}}],"line":25}},"s":{"0":0,"1":0,"2":0,"3":0},"f":{"0":0},"b":{"0":[0,0]}}
,"D:\\Dedy R\\01 Documents\\shiny-agency\\src\\pages\\Freelances\\index.jsx": {"path":"D:\\Dedy R\\01 Documents\\shiny-agency\\src\\pages\\Freelances\\index.jsx","statementMap":{"0":{"start":{"line":7,"column":23},"end":{"line":14,"column":1}},"1":{"start":{"line":16,"column":18},"end":{"line":21,"column":1}},"2":{"start":{"line":20,"column":27},"end":{"line":20,"column":68}},"3":{"start":{"line":23,"column":21},"end":{"line":30,"column":1}},"4":{"start":{"line":29,"column":27},"end":{"line":29,"column":68}},"5":{"start":{"line":32,"column":22},"end":{"line":35,"column":1}},"6":{"start":{"line":38,"column":20},"end":{"line":38,"column":30}},"7":{"start":{"line":39,"column":37},"end":{"line":41,"column":3}},"8":{"start":{"line":43,"column":26},"end":{"line":43,"column":47}},"9":{"start":{"line":45,"column":2},"end":{"line":47,"column":3}},"10":{"start":{"line":46,"column":4},"end":{"line":46,"column":42}},"11":{"start":{"line":49,"column":2},"end":{"line":73,"column":3}},"12":{"start":{"line":62,"column":12},"end":{"line":68,"column":14}}},"fnMap":{"0":{"name":"(anonymous_0)","decl":{"start":{"line":20,"column":11},"end":{"line":20,"column":12}},"loc":{"start":{"line":20,"column":27},"end":{"line":20,"column":68}},"line":20},"1":{"name":"(anonymous_1)","decl":{"start":{"line":29,"column":11},"end":{"line":29,"column":12}},"loc":{"start":{"line":29,"column":27},"end":{"line":29,"column":68}},"line":29},"2":{"name":"Freelances","decl":{"start":{"line":37,"column":9},"end":{"line":37,"column":19}},"loc":{"start":{"line":37,"column":22},"end":{"line":74,"column":1}},"line":37},"3":{"name":"(anonymous_3)","decl":{"start":{"line":61,"column":32},"end":{"line":61,"column":33}},"loc":{"start":{"line":62,"column":12},"end":{"line":68,"column":14}},"line":62}},"branchMap":{"0":{"loc":{"start":{"line":20,"column":27},"end":{"line":20,"column":68}},"type":"cond-expr","locations":[{"start":{"line":20,"column":47},"end":{"line":20,"column":56}},{"start":{"line":20,"column":59},"end":{"line":20,"column":68}}],"line":20},"1":{"loc":{"start":{"line":29,"column":27},"end":{"line":29,"column":68}},"type":"cond-expr","locations":[{"start":{"line":29,"column":47},"end":{"line":29,"column":56}},{"start":{"line":29,"column":59},"end":{"line":29,"column":68}}],"line":29},"2":{"loc":{"start":{"line":45,"column":2},"end":{"line":47,"column":3}},"type":"if","locations":[{"start":{"line":45,"column":2},"end":{"line":47,"column":3}},{"start":{},"end":{}}],"line":45},"3":{"loc":{"start":{"line":55,"column":7},"end":{"line":71,"column":7}},"type":"cond-expr","locations":[{"start":{"line":56,"column":8},"end":{"line":58,"column":24}},{"start":{"line":60,"column":8},"end":{"line":70,"column":25}}],"line":55}},"s":{"0":1,"1":1,"2":2,"3":1,"4":2,"5":1,"6":2,"7":2,"8":2,"9":2,"10":0,"11":2,"12":2},"f":{"0":2,"1":2,"2":2,"3":2},"b":{"0":[2,0],"1":[2,0],"2":[0,2],"3":[1,1]},"_coverageSchema":"1a1c01bbd47fc00a2c39e90264f33305004495a9","hash":"f3bc3e5f01da775e828f4fef9f56fe529580eaff"}
,"D:\\Dedy R\\01 Documents\\shiny-agency\\src\\pages\\Home\\index.jsx": {"path":"D:\\Dedy R\\01 Documents\\shiny-agency\\src\\pages\\Home\\index.jsx","statementMap":{"0":{"start":{"line":7,"column":20},"end":{"line":10,"column":1}},"1":{"start":{"line":12,"column":23},"end":{"line":20,"column":1}},"2":{"start":{"line":15,"column":4},"end":{"line":15,"column":70}},"3":{"start":{"line":22,"column":16},"end":{"line":30,"column":1}},"4":{"start":{"line":32,"column":20},"end":{"line":37,"column":1}},"5":{"start":{"line":36,"column":27},"end":{"line":36,"column":68}},"6":{"start":{"line":39,"column":21},"end":{"line":41,"column":1}},"7":{"start":{"line":44,"column":20},"end":{"line":44,"column":30}},"8":{"start":{"line":46,"column":2},"end":{"line":61,"column":3}}},"fnMap":{"0":{"name":"(anonymous_0)","decl":{"start":{"line":14,"column":22},"end":{"line":14,"column":23}},"loc":{"start":{"line":15,"column":4},"end":{"line":15,"column":70}},"line":15},"1":{"name":"(anonymous_1)","decl":{"start":{"line":36,"column":11},"end":{"line":36,"column":12}},"loc":{"start":{"line":36,"column":27},"end":{"line":36,"column":68}},"line":36},"2":{"name":"Home","decl":{"start":{"line":43,"column":9},"end":{"line":43,"column":13}},"loc":{"start":{"line":43,"column":16},"end":{"line":62,"column":1}},"line":43}},"branchMap":{"0":{"loc":{"start":{"line":15,"column":4},"end":{"line":15,"column":70}},"type":"cond-expr","locations":[{"start":{"line":15,"column":24},"end":{"line":15,"column":46}},{"start":{"line":15,"column":49},"end":{"line":15,"column":70}}],"line":15},"1":{"loc":{"start":{"line":36,"column":27},"end":{"line":36,"column":68}},"type":"cond-expr","locations":[{"start":{"line":36,"column":47},"end":{"line":36,"column":56}},{"start":{"line":36,"column":59},"end":{"line":36,"column":68}}],"line":36}},"s":{"0":1,"1":1,"2":1,"3":1,"4":1,"5":1,"6":1,"7":1,"8":1},"f":{"0":1,"1":1,"2":1},"b":{"0":[1,0],"1":[1,0]},"_coverageSchema":"1a1c01bbd47fc00a2c39e90264f33305004495a9","hash":"11f7562ca7c2ae9201eb3e06168f79bb91208b23"}
,"D:\\Dedy R\\01 Documents\\shiny-agency\\src\\pages\\Results\\index.jsx": {"path":"D:\\Dedy R\\01 Documents\\shiny-agency\\src\\pages\\Results\\index.jsx","statementMap":{"0":{"start":{"line":9,"column":25},"end":{"line":17,"column":1}},"1":{"start":{"line":16,"column":4},"end":{"line":16,"column":70}},"2":{"start":{"line":19,"column":21},"end":{"line":28,"column":1}},"3":{"start":{"line":20,"column":27},"end":{"line":20,"column":68}},"4":{"start":{"line":30,"column":27},"end":{"line":32,"column":1}},"5":{"start":{"line":34,"column":17},"end":{"line":38,"column":1}},"6":{"start":{"line":36,"column":4},"end":{"line":36,"column":63}},"7":{"start":{"line":40,"column":23},"end":{"line":49,"column":1}},"8":{"start":{"line":43,"column":29},"end":{"line":43,"column":77}},"9":{"start":{"line":51,"column":22},"end":{"line":54,"column":1}},"10":{"start":{"line":57,"column":24},"end":{"line":57,"column":44}},"11":{"start":{"line":59,"column":2},"end":{"line":63,"column":8}},"12":{"start":{"line":60,"column":25},"end":{"line":60,"column":36}},"13":{"start":{"line":61,"column":22},"end":{"line":61,"column":45}},"14":{"start":{"line":62,"column":4},"end":{"line":62,"column":83}},"15":{"start":{"line":67,"column":2},"end":{"line":71,"column":3}},"16":{"start":{"line":68,"column":4},"end":{"line":68,"column":16}},"17":{"start":{"line":70,"column":4},"end":{"line":70,"column":22}},"18":{"start":{"line":75,"column":20},"end":{"line":75,"column":30}},"19":{"start":{"line":76,"column":22},"end":{"line":76,"column":47}},"20":{"start":{"line":77,"column":22},"end":{"line":77,"column":48}},"21":{"start":{"line":79,"column":37},"end":{"line":81,"column":3}},"22":{"start":{"line":83,"column":2},"end":{"line":85,"column":3}},"23":{"start":{"line":84,"column":4},"end":{"line":84,"column":42}},"24":{"start":{"line":87,"column":22},"end":{"line":87,"column":39}},"25":{"start":{"line":89,"column":2},"end":{"line":91,"column":3}},"26":{"start":{"line":90,"column":4},"end":{"line":90,"column":38}},"27":{"start":{"line":93,"column":2},"end":{"line":129,"column":3}},"28":{"start":{"line":103,"column":12},"end":{"line":108,"column":23}},"29":{"start":{"line":117,"column":12},"end":{"line":125,"column":29}}},"fnMap":{"0":{"name":"(anonymous_0)","decl":{"start":{"line":15,"column":22},"end":{"line":15,"column":23}},"loc":{"start":{"line":16,"column":4},"end":{"line":16,"column":70}},"line":16},"1":{"name":"(anonymous_1)","decl":{"start":{"line":20,"column":11},"end":{"line":20,"column":12}},"loc":{"start":{"line":20,"column":27},"end":{"line":20,"column":68}},"line":20},"2":{"name":"(anonymous_2)","decl":{"start":{"line":35,"column":11},"end":{"line":35,"column":12}},"loc":{"start":{"line":36,"column":4},"end":{"line":36,"column":63}},"line":36},"3":{"name":"(anonymous_3)","decl":{"start":{"line":43,"column":13},"end":{"line":43,"column":14}},"loc":{"start":{"line":43,"column":29},"end":{"line":43,"column":77}},"line":43},"4":{"name":"formatQueryParams","decl":{"start":{"line":56,"column":16},"end":{"line":56,"column":33}},"loc":{"start":{"line":56,"column":43},"end":{"line":64,"column":1}},"line":56},"5":{"name":"(anonymous_5)","decl":{"start":{"line":59,"column":30},"end":{"line":59,"column":31}},"loc":{"start":{"line":59,"column":71},"end":{"line":63,"column":3}},"line":59},"6":{"name":"formatJobList","decl":{"start":{"line":66,"column":16},"end":{"line":66,"column":29}},"loc":{"start":{"line":66,"column":56},"end":{"line":72,"column":1}},"line":66},"7":{"name":"Results","decl":{"start":{"line":74,"column":9},"end":{"line":74,"column":16}},"loc":{"start":{"line":74,"column":19},"end":{"line":130,"column":1}},"line":74},"8":{"name":"(anonymous_8)","decl":{"start":{"line":102,"column":26},"end":{"line":102,"column":27}},"loc":{"start":{"line":103,"column":12},"end":{"line":108,"column":23}},"line":103},"9":{"name":"(anonymous_9)","decl":{"start":{"line":116,"column":26},"end":{"line":116,"column":27}},"loc":{"start":{"line":117,"column":12},"end":{"line":125,"column":29}},"line":117}},"branchMap":{"0":{"loc":{"start":{"line":16,"column":4},"end":{"line":16,"column":70}},"type":"cond-expr","locations":[{"start":{"line":16,"column":24},"end":{"line":16,"column":46}},{"start":{"line":16,"column":49},"end":{"line":16,"column":70}}],"line":16},"1":{"loc":{"start":{"line":20,"column":27},"end":{"line":20,"column":68}},"type":"cond-expr","locations":[{"start":{"line":20,"column":47},"end":{"line":20,"column":56}},{"start":{"line":20,"column":59},"end":{"line":20,"column":68}}],"line":20},"2":{"loc":{"start":{"line":36,"column":4},"end":{"line":36,"column":63}},"type":"cond-expr","locations":[{"start":{"line":36,"column":24},"end":{"line":36,"column":38}},{"start":{"line":36,"column":41},"end":{"line":36,"column":63}}],"line":36},"3":{"loc":{"start":{"line":43,"column":29},"end":{"line":43,"column":77}},"type":"cond-expr","locations":[{"start":{"line":43,"column":49},"end":{"line":43,"column":65}},{"start":{"line":43,"column":68},"end":{"line":43,"column":77}}],"line":43},"4":{"loc":{"start":{"line":61,"column":22},"end":{"line":61,"column":45}},"type":"cond-expr","locations":[{"start":{"line":61,"column":37},"end":{"line":61,"column":39}},{"start":{"line":61,"column":42},"end":{"line":61,"column":45}}],"line":61},"5":{"loc":{"start":{"line":67,"column":2},"end":{"line":71,"column":3}},"type":"if","locations":[{"start":{"line":67,"column":2},"end":{"line":71,"column":3}},{"start":{"line":69,"column":9},"end":{"line":71,"column":3}}],"line":67},"6":{"loc":{"start":{"line":83,"column":2},"end":{"line":85,"column":3}},"type":"if","locations":[{"start":{"line":83,"column":2},"end":{"line":85,"column":3}},{"start":{},"end":{}}],"line":83},"7":{"loc":{"start":{"line":89,"column":2},"end":{"line":91,"column":3}},"type":"if","locations":[{"start":{"line":89,"column":2},"end":{"line":91,"column":3}},{"start":{},"end":{}}],"line":89},"8":{"loc":{"start":{"line":93,"column":9},"end":{"line":129,"column":3}},"type":"cond-expr","locations":[{"start":{"line":94,"column":4},"end":{"line":96,"column":20}},{"start":{"line":98,"column":4},"end":{"line":128,"column":23}}],"line":93},"9":{"loc":{"start":{"line":101,"column":9},"end":{"line":109,"column":12}},"type":"binary-expr","locations":[{"start":{"line":101,"column":9},"end":{"line":101,"column":20}},{"start":{"line":102,"column":10},"end":{"line":109,"column":12}}],"line":101},"10":{"loc":{"start":{"line":115,"column":9},"end":{"line":126,"column":12}},"type":"binary-expr","locations":[{"start":{"line":115,"column":9},"end":{"line":115,"column":20}},{"start":{"line":116,"column":10},"end":{"line":126,"column":12}}],"line":115}},"s":{"0":1,"1":1,"2":1,"3":1,"4":1,"5":1,"6":4,"7":1,"8":2,"9":1,"10":4,"11":4,"12":3,"13":3,"14":3,"15":4,"16":2,"17":2,"18":2,"19":2,"20":2,"21":2,"22":2,"23":0,"24":2,"25":2,"26":0,"27":2,"28":2,"29":2},"f":{"0":1,"1":1,"2":4,"3":2,"4":4,"5":3,"6":4,"7":2,"8":2,"9":2},"b":{"0":[1,0],"1":[1,0],"2":[4,0],"3":[2,0],"4":[2,1],"5":[2,2],"6":[0,2],"7":[0,2],"8":[1,1],"9":[1,1],"10":[1,1]},"_coverageSchema":"1a1c01bbd47fc00a2c39e90264f33305004495a9","hash":"2170f67cf93e3452c5a6a99c816d36e4ebf593c6"}
,"D:\\Dedy R\\01 Documents\\shiny-agency\\src\\pages\\Survey\\index.jsx": {"path":"D:\\Dedy R\\01 Documents\\shiny-agency\\src\\pages\\Survey\\index.jsx","statementMap":{"0":{"start":{"line":10,"column":24},"end":{"line":14,"column":1}},"1":{"start":{"line":16,"column":22},"end":{"line":20,"column":1}},"2":{"start":{"line":19,"column":27},"end":{"line":19,"column":68}},"3":{"start":{"line":22,"column":24},"end":{"line":25,"column":1}},"4":{"start":{"line":24,"column":27},"end":{"line":24,"column":68}},"5":{"start":{"line":27,"column":20},"end":{"line":35,"column":1}},"6":{"start":{"line":30,"column":29},"end":{"line":30,"column":70}},"7":{"start":{"line":37,"column":17},"end":{"line":57,"column":1}},"8":{"start":{"line":45,"column":4},"end":{"line":45,"column":70}},"9":{"start":{"line":46,"column":27},"end":{"line":46,"column":68}},"10":{"start":{"line":50,"column":4},"end":{"line":50,"column":73}},"11":{"start":{"line":59,"column":21},"end":{"line":62,"column":1}},"12":{"start":{"line":65,"column":29},"end":{"line":65,"column":40}},"13":{"start":{"line":66,"column":28},"end":{"line":66,"column":52}},"14":{"start":{"line":67,"column":29},"end":{"line":67,"column":80}},"15":{"start":{"line":68,"column":29},"end":{"line":68,"column":50}},"16":{"start":{"line":69,"column":20},"end":{"line":69,"column":30}},"17":{"start":{"line":71,"column":35},"end":{"line":71,"column":60}},"18":{"start":{"line":74,"column":4},"end":{"line":74,"column":45}},"19":{"start":{"line":76,"column":37},"end":{"line":76,"column":77}},"20":{"start":{"line":77,"column":21},"end":{"line":77,"column":37}},"21":{"start":{"line":79,"column":2},"end":{"line":81,"column":3}},"22":{"start":{"line":80,"column":4},"end":{"line":80,"column":50}},"23":{"start":{"line":83,"column":2},"end":{"line":118,"column":3}},"24":{"start":{"line":95,"column":25},"end":{"line":95,"column":40}},"25":{"start":{"line":102,"column":25},"end":{"line":102,"column":41}}},"fnMap":{"0":{"name":"(anonymous_0)","decl":{"start":{"line":19,"column":11},"end":{"line":19,"column":12}},"loc":{"start":{"line":19,"column":27},"end":{"line":19,"column":68}},"line":19},"1":{"name":"(anonymous_1)","decl":{"start":{"line":24,"column":11},"end":{"line":24,"column":12}},"loc":{"start":{"line":24,"column":27},"end":{"line":24,"column":68}},"line":24},"2":{"name":"(anonymous_2)","decl":{"start":{"line":30,"column":13},"end":{"line":30,"column":14}},"loc":{"start":{"line":30,"column":29},"end":{"line":30,"column":70}},"line":30},"3":{"name":"(anonymous_3)","decl":{"start":{"line":44,"column":22},"end":{"line":44,"column":23}},"loc":{"start":{"line":45,"column":4},"end":{"line":45,"column":70}},"line":45},"4":{"name":"(anonymous_4)","decl":{"start":{"line":46,"column":11},"end":{"line":46,"column":12}},"loc":{"start":{"line":46,"column":27},"end":{"line":46,"column":68}},"line":46},"5":{"name":"(anonymous_5)","decl":{"start":{"line":49,"column":16},"end":{"line":49,"column":17}},"loc":{"start":{"line":50,"column":4},"end":{"line":50,"column":73}},"line":50},"6":{"name":"Survey","decl":{"start":{"line":64,"column":9},"end":{"line":64,"column":15}},"loc":{"start":{"line":64,"column":18},"end":{"line":119,"column":1}},"line":64},"7":{"name":"saveReply","decl":{"start":{"line":73,"column":11},"end":{"line":73,"column":20}},"loc":{"start":{"line":73,"column":29},"end":{"line":75,"column":3}},"line":73},"8":{"name":"(anonymous_8)","decl":{"start":{"line":95,"column":19},"end":{"line":95,"column":20}},"loc":{"start":{"line":95,"column":25},"end":{"line":95,"column":40}},"line":95},"9":{"name":"(anonymous_9)","decl":{"start":{"line":102,"column":19},"end":{"line":102,"column":20}},"loc":{"start":{"line":102,"column":25},"end":{"line":102,"column":41}},"line":102}},"branchMap":{"0":{"loc":{"start":{"line":19,"column":27},"end":{"line":19,"column":68}},"type":"cond-expr","locations":[{"start":{"line":19,"column":47},"end":{"line":19,"column":56}},{"start":{"line":19,"column":59},"end":{"line":19,"column":68}}],"line":19},"1":{"loc":{"start":{"line":24,"column":27},"end":{"line":24,"column":68}},"type":"cond-expr","locations":[{"start":{"line":24,"column":47},"end":{"line":24,"column":56}},{"start":{"line":24,"column":59},"end":{"line":24,"column":68}}],"line":24},"2":{"loc":{"start":{"line":30,"column":29},"end":{"line":30,"column":70}},"type":"cond-expr","locations":[{"start":{"line":30,"column":49},"end":{"line":30,"column":58}},{"start":{"line":30,"column":61},"end":{"line":30,"column":70}}],"line":30},"3":{"loc":{"start":{"line":45,"column":4},"end":{"line":45,"column":70}},"type":"cond-expr","locations":[{"start":{"line":45,"column":24},"end":{"line":45,"column":46}},{"start":{"line":45,"column":49},"end":{"line":45,"column":70}}],"line":45},"4":{"loc":{"start":{"line":46,"column":27},"end":{"line":46,"column":68}},"type":"cond-expr","locations":[{"start":{"line":46,"column":47},"end":{"line":46,"column":56}},{"start":{"line":46,"column":59},"end":{"line":46,"column":68}}],"line":46},"5":{"loc":{"start":{"line":50,"column":4},"end":{"line":50,"column":73}},"type":"cond-expr","locations":[{"start":{"line":50,"column":23},"end":{"line":50,"column":64}},{"start":{"line":50,"column":67},"end":{"line":50,"column":73}}],"line":50},"6":{"loc":{"start":{"line":67,"column":29},"end":{"line":67,"column":80}},"type":"cond-expr","locations":[{"start":{"line":67,"column":55},"end":{"line":67,"column":56}},{"start":{"line":67,"column":59},"end":{"line":67,"column":80}}],"line":67},"7":{"loc":{"start":{"line":79,"column":2},"end":{"line":81,"column":3}},"type":"if","locations":[{"start":{"line":79,"column":2},"end":{"line":81,"column":3}},{"start":{},"end":{}}],"line":79},"8":{"loc":{"start":{"line":86,"column":7},"end":{"line":92,"column":7}},"type":"cond-expr","locations":[{"start":{"line":87,"column":8},"end":{"line":87,"column":18}},{"start":{"line":89,"column":8},"end":{"line":91,"column":26}}],"line":86},"9":{"loc":{"start":{"line":111,"column":9},"end":{"line":115,"column":9}},"type":"cond-expr","locations":[{"start":{"line":112,"column":10},"end":{"line":112,"column":67}},{"start":{"line":114,"column":10},"end":{"line":114,"column":46}}],"line":111},"10":{"loc":{"start":{"line":111,"column":9},"end":{"line":111,"column":56}},"type":"binary-expr","locations":[{"start":{"line":111,"column":9},"end":{"line":111,"column":19}},{"start":{"line":111,"column":23},"end":{"line":111,"column":56}}],"line":111}},"s":{"0":0,"1":0,"2":0,"3":0,"4":0,"5":0,"6":0,"7":0,"8":0,"9":0,"10":0,"11":0,"12":0,"13":0,"14":0,"15":0,"16":0,"17":0,"18":0,"19":0,"20":0,"21":0,"22":0,"23":0,"24":0,"25":0},"f":{"0":0,"1":0,"2":0,"3":0,"4":0,"5":0,"6":0,"7":0,"8":0,"9":0},"b":{"0":[0,0],"1":[0,0],"2":[0,0],"3":[0,0],"4":[0,0],"5":[0,0],"6":[0,0],"7":[0,0],"8":[0,0],"9":[0,0],"10":[0,0]}}
,"D:\\Dedy R\\01 Documents\\shiny-agency\\src\\utils\\context\\index.jsx": {"path":"D:\\Dedy R\\01 Documents\\shiny-agency\\src\\utils\\context\\index.jsx","statementMap":{"0":{"start":{"line":3,"column":28},"end":{"line":3,"column":43}},"1":{"start":{"line":5,"column":29},"end":{"line":16,"column":1}},"2":{"start":{"line":6,"column":28},"end":{"line":6,"column":45}},"3":{"start":{"line":7,"column":22},"end":{"line":9,"column":3}},"4":{"start":{"line":8,"column":4},"end":{"line":8,"column":50}},"5":{"start":{"line":11,"column":2},"end":{"line":15,"column":3}},"6":{"start":{"line":18,"column":29},"end":{"line":18,"column":44}},"7":{"start":{"line":20,"column":30},"end":{"line":31,"column":1}},"8":{"start":{"line":21,"column":32},"end":{"line":21,"column":44}},"9":{"start":{"line":22,"column":22},"end":{"line":24,"column":3}},"10":{"start":{"line":23,"column":4},"end":{"line":23,"column":45}},"11":{"start":{"line":26,"column":2},"end":{"line":30,"column":3}}},"fnMap":{"0":{"name":"(anonymous_0)","decl":{"start":{"line":5,"column":29},"end":{"line":5,"column":30}},"loc":{"start":{"line":5,"column":47},"end":{"line":16,"column":1}},"line":5},"1":{"name":"(anonymous_1)","decl":{"start":{"line":7,"column":22},"end":{"line":7,"column":23}},"loc":{"start":{"line":7,"column":28},"end":{"line":9,"column":3}},"line":7},"2":{"name":"(anonymous_2)","decl":{"start":{"line":20,"column":30},"end":{"line":20,"column":31}},"loc":{"start":{"line":20,"column":48},"end":{"line":31,"column":1}},"line":20},"3":{"name":"(anonymous_3)","decl":{"start":{"line":22,"column":22},"end":{"line":22,"column":23}},"loc":{"start":{"line":22,"column":38},"end":{"line":24,"column":3}},"line":22}},"branchMap":{"0":{"loc":{"start":{"line":8,"column":13},"end":{"line":8,"column":49}},"type":"cond-expr","locations":[{"start":{"line":8,"column":33},"end":{"line":8,"column":39}},{"start":{"line":8,"column":42},"end":{"line":8,"column":49}}],"line":8}},"s":{"0":5,"1":5,"2":8,"3":8,"4":1,"5":8,"6":5,"7":5,"8":2,"9":2,"10":0,"11":2},"f":{"0":8,"1":1,"2":2,"3":0},"b":{"0":[1,0]},"_coverageSchema":"1a1c01bbd47fc00a2c39e90264f33305004495a9","hash":"17f52e4cd03a00579106e6b97928f64f4a7c78b2"}
,"D:\\Dedy R\\01 Documents\\shiny-agency\\src\\utils\\hooks\\index.jsx": {"path":"D:\\Dedy R\\01 Documents\\shiny-agency\\src\\utils\\hooks\\index.jsx","statementMap":{"0":{"start":{"line":5,"column":26},"end":{"line":5,"column":38}},"1":{"start":{"line":6,"column":34},"end":{"line":6,"column":48}},"2":{"start":{"line":7,"column":28},"end":{"line":7,"column":43}},"3":{"start":{"line":9,"column":2},"end":{"line":25,"column":11}},"4":{"start":{"line":10,"column":4},"end":{"line":10,"column":20}},"5":{"start":{"line":10,"column":14},"end":{"line":10,"column":20}},"6":{"start":{"line":11,"column":4},"end":{"line":11,"column":20}},"7":{"start":{"line":13,"column":6},"end":{"line":22,"column":7}},"8":{"start":{"line":14,"column":25},"end":{"line":14,"column":41}},"9":{"start":{"line":15,"column":21},"end":{"line":15,"column":42}},"10":{"start":{"line":16,"column":8},"end":{"line":16,"column":21}},"11":{"start":{"line":18,"column":8},"end":{"line":18,"column":24}},"12":{"start":{"line":19,"column":8},"end":{"line":19,"column":22}},"13":{"start":{"line":21,"column":8},"end":{"line":21,"column":25}},"14":{"start":{"line":24,"column":4},"end":{"line":24,"column":15}},"15":{"start":{"line":26,"column":2},"end":{"line":26,"column":35}},"16":{"start":{"line":30,"column":33},"end":{"line":30,"column":57}},"17":{"start":{"line":31,"column":2},"end":{"line":31,"column":31}}},"fnMap":{"0":{"name":"useFetch","decl":{"start":{"line":4,"column":16},"end":{"line":4,"column":24}},"loc":{"start":{"line":4,"column":30},"end":{"line":27,"column":1}},"line":4},"1":{"name":"(anonymous_1)","decl":{"start":{"line":9,"column":12},"end":{"line":9,"column":13}},"loc":{"start":{"line":9,"column":18},"end":{"line":25,"column":3}},"line":9},"2":{"name":"fetchData","decl":{"start":{"line":12,"column":19},"end":{"line":12,"column":28}},"loc":{"start":{"line":12,"column":31},"end":{"line":23,"column":5}},"line":12},"3":{"name":"useTheme","decl":{"start":{"line":29,"column":16},"end":{"line":29,"column":24}},"loc":{"start":{"line":29,"column":27},"end":{"line":32,"column":1}},"line":29}},"branchMap":{"0":{"loc":{"start":{"line":10,"column":4},"end":{"line":10,"column":20}},"type":"if","locations":[{"start":{"line":10,"column":4},"end":{"line":10,"column":20}},{"start":{},"end":{}}],"line":10}},"s":{"0":4,"1":4,"2":4,"3":4,"4":2,"5":0,"6":2,"7":2,"8":2,"9":2,"10":2,"11":0,"12":0,"13":2,"14":2,"15":4,"16":8,"17":8},"f":{"0":4,"1":2,"2":2,"3":8},"b":{"0":[0,2]},"_coverageSchema":"1a1c01bbd47fc00a2c39e90264f33305004495a9","hash":"e1c27b38610507c1394f46c3954bfb20c4e45a27"}
,"D:\\Dedy R\\01 Documents\\shiny-agency\\src\\utils\\style\\Atoms.jsx": {"path":"D:\\Dedy R\\01 Documents\\shiny-agency\\src\\utils\\style\\Atoms.jsx","statementMap":{"0":{"start":{"line":5,"column":15},"end":{"line":12,"column":1}},"1":{"start":{"line":14,"column":22},"end":{"line":22,"column":1}},"2":{"start":{"line":24,"column":26},"end":{"line":35,"column":1}},"3":{"start":{"line":31,"column":4},"end":{"line":34,"column":41}}},"fnMap":{"0":{"name":"(anonymous_0)","decl":{"start":{"line":30,"column":4},"end":{"line":30,"column":5}},"loc":{"start":{"line":31,"column":4},"end":{"line":34,"column":41}},"line":31}},"branchMap":{"0":{"loc":{"start":{"line":31,"column":4},"end":{"line":34,"column":41}},"type":"binary-expr","locations":[{"start":{"line":31,"column":4},"end":{"line":31,"column":21}},{"start":{"line":32,"column":4},"end":{"line":34,"column":41}}],"line":31}},"s":{"0":3,"1":3,"2":3,"3":2},"f":{"0":2},"b":{"0":[2,2]},"_coverageSchema":"1a1c01bbd47fc00a2c39e90264f33305004495a9","hash":"6cb45d73317069ca663c3655a010706b806ec52d"}
,"D:\\Dedy R\\01 Documents\\shiny-agency\\src\\utils\\style\\GlobalStyle.jsx": {"path":"D:\\Dedy R\\01 Documents\\shiny-agency\\src\\utils\\style\\GlobalStyle.jsx","statementMap":{"0":{"start":{"line":5,"column":26},"end":{"line":14,"column":1}},"1":{"start":{"line":11,"column":10},"end":{"line":11,"column":42}},"2":{"start":{"line":17,"column":20},"end":{"line":17,"column":44}},"3":{"start":{"line":18,"column":2},"end":{"line":18,"column":60}}},"fnMap":{"0":{"name":"(anonymous_0)","decl":{"start":{"line":10,"column":28},"end":{"line":10,"column":29}},"loc":{"start":{"line":11,"column":10},"end":{"line":11,"column":42}},"line":11},"1":{"name":"GlobalStyle","decl":{"start":{"line":16,"column":9},"end":{"line":16,"column":20}},"loc":{"start":{"line":16,"column":23},"end":{"line":19,"column":1}},"line":16}},"branchMap":{"0":{"loc":{"start":{"line":11,"column":10},"end":{"line":11,"column":42}},"type":"cond-expr","locations":[{"start":{"line":11,"column":23},"end":{"line":11,"column":32}},{"start":{"line":11,"column":35},"end":{"line":11,"column":42}}],"line":11}},"s":{"0":0,"1":0,"2":0,"3":0},"f":{"0":0,"1":0},"b":{"0":[0,0]}}
,"D:\\Dedy R\\01 Documents\\shiny-agency\\src\\utils\\style\\colors.js": {"path":"D:\\Dedy R\\01 Documents\\shiny-agency\\src\\utils\\style\\colors.js","statementMap":{"0":{"start":{"line":1,"column":15},"end":{"line":5,"column":1}}},"fnMap":{},"branchMap":{},"s":{"0":5},"f":{},"b":{},"_coverageSchema":"1a1c01bbd47fc00a2c39e90264f33305004495a9","hash":"51d37fc72bca4b14c18fd883d394095163e87caa"}
,"D:\\Dedy R\\01 Documents\\shiny-agency\\src\\utils\\test\\index.jsx": {"path":"D:\\Dedy R\\01 Documents\\shiny-agency\\src\\utils\\test\\index.jsx","statementMap":{"0":{"start":{"line":7,"column":4},"end":{"line":13,"column":5}},"1":{"start":{"line":15,"column":2},"end":{"line":15,"column":37}}},"fnMap":{"0":{"name":"render","decl":{"start":{"line":5,"column":16},"end":{"line":5,"column":22}},"loc":{"start":{"line":5,"column":36},"end":{"line":16,"column":1}},"line":5},"1":{"name":"Wrapper","decl":{"start":{"line":6,"column":11},"end":{"line":6,"column":18}},"loc":{"start":{"line":6,"column":33},"end":{"line":14,"column":3}},"line":6}},"branchMap":{},"s":{"0":2,"1":2},"f":{"0":2,"1":2},"b":{},"_coverageSchema":"1a1c01bbd47fc00a2c39e90264f33305004495a9","hash":"1543662617f8120008252dfe119117de28450da5"}
}
