TN:
SF:src\index.jsx
FNF:0
FNH:0
DA:14,0
LF:1
LH:0
BRF:0
BRH:0
end_of_record
TN:
SF:src\components\Card\index.jsx
FN:8,(anonymous_0)
FN:15,(anonymous_1)
FN:36,(anonymous_2)
FN:47,(anonymous_3)
FN:54,(anonymous_4)
FN:58,(anonymous_5)
FNF:6
FNH:6
FNDA:5,(anonymous_0)
FNDA:5,(anonymous_1)
FNDA:5,(anonymous_2)
FNDA:4,(anonymous_3)
FNDA:1,(anonymous_4)
FNDA:5,(anonymous_5)
DA:7,2
DA:8,5
DA:14,2
DA:15,5
DA:24,2
DA:31,2
DA:37,5
DA:48,4
DA:49,4
DA:54,4
DA:55,1
DA:59,5
DA:60,5
DA:61,5
DA:63,5
DA:75,2
DA:82,2
LF:17
LH:17
BRDA:8,0,0,5
BRDA:8,0,1,0
BRDA:15,1,0,5
BRDA:15,1,1,0
BRDA:37,2,0,5
BRDA:37,2,1,0
BRDA:61,3,0,1
BRDA:61,3,1,4
BRF:8
BRH:5
end_of_record
TN:
SF:src\components\EmailInput\index.jsx
FN:6,(anonymous_0)
FN:12,(anonymous_1)
FN:17,(anonymous_2)
FN:20,(anonymous_3)
FN:25,EmailInput
FN:33,(anonymous_5)
FNF:6
FNH:5
FNDA:3,(anonymous_0)
FNDA:3,(anonymous_1)
FNDA:3,(anonymous_2)
FNDA:3,(anonymous_3)
FNDA:3,EmailInput
FNDA:0,(anonymous_5)
DA:5,1
DA:6,3
DA:11,1
DA:12,3
DA:15,1
DA:17,3
DA:20,3
DA:26,3
DA:28,3
DA:33,0
LF:10
LH:9
BRDA:6,0,0,2
BRDA:6,0,1,1
BRDA:12,1,0,2
BRDA:12,1,1,1
BRDA:17,2,0,2
BRDA:17,2,1,1
BRDA:20,3,0,2
BRDA:20,3,1,1
BRF:8
BRH:8
end_of_record
TN:
SF:src\components\EmptyList\index.jsx
FN:11,(anonymous_0)
FN:16,(anonymous_1)
FN:20,(anonymous_2)
FN:28,EmptyList
FNF:4
FNH:0
FNDA:0,(anonymous_0)
FNDA:0,(anonymous_1)
FNDA:0,(anonymous_2)
FNDA:0,EmptyList
DA:5,1
DA:12,0
DA:15,1
DA:16,0
DA:19,1
DA:20,0
DA:24,1
DA:29,0
LF:8
LH:4
BRDA:12,0,0,0
BRDA:12,0,1,0
BRDA:16,1,0,0
BRDA:16,1,1,0
BRDA:20,2,0,0
BRDA:20,2,1,0
BRF:6
BRH:0
end_of_record
TN:
SF:src\components\Error\index.jsx
FN:25,Error
FNF:1
FNH:0
FNDA:0,Error
DA:4,0
DA:12,0
DA:16,0
DA:21,0
DA:26,0
LF:5
LH:0
BRF:0
BRH:0
end_of_record
TN:
SF:src\components\Footer\index.jsx
FN:22,Footer
FN:28,(anonymous_1)
FNF:2
FNH:2
FNDA:3,Footer
FNDA:1,(anonymous_1)
DA:6,1
DA:14,1
DA:23,3
DA:25,3
DA:28,1
LF:5
LH:5
BRDA:29,0,0,2
BRDA:29,0,1,1
BRF:2
BRH:2
end_of_record
TN:
SF:src\components\Header\index.jsx
FN:19,Header
FNF:1
FNH:0
FNDA:0,Header
DA:8,0
DA:12,0
DA:20,0
DA:22,0
LF:4
LH:0
BRDA:25,0,0,0
BRDA:25,0,1,0
BRF:2
BRH:0
end_of_record
TN:
SF:src\pages\Freelances\index.jsx
FN:20,(anonymous_0)
FN:29,(anonymous_1)
FN:37,Freelances
FN:61,(anonymous_3)
FNF:4
FNH:4
FNDA:2,(anonymous_0)
FNDA:2,(anonymous_1)
FNDA:2,Freelances
FNDA:2,(anonymous_3)
DA:7,1
DA:16,1
DA:20,2
DA:23,1
DA:29,2
DA:32,1
DA:38,2
DA:39,2
DA:43,2
DA:45,2
DA:46,0
DA:49,2
DA:62,2
LF:13
LH:12
BRDA:20,0,0,2
BRDA:20,0,1,0
BRDA:29,1,0,2
BRDA:29,1,1,0
BRDA:45,2,0,0
BRDA:45,2,1,2
BRDA:55,3,0,1
BRDA:55,3,1,1
BRF:8
BRH:5
end_of_record
TN:
SF:src\pages\Home\index.jsx
FN:14,(anonymous_0)
FN:36,(anonymous_1)
FN:43,Home
FNF:3
FNH:3
FNDA:1,(anonymous_0)
FNDA:1,(anonymous_1)
FNDA:1,Home
DA:7,1
DA:12,1
DA:15,1
DA:22,1
DA:32,1
DA:36,1
DA:39,1
DA:44,1
DA:46,1
LF:9
LH:9
BRDA:15,0,0,1
BRDA:15,0,1,0
BRDA:36,1,0,1
BRDA:36,1,1,0
BRF:4
BRH:2
end_of_record
TN:
SF:src\pages\Results\index.jsx
FN:15,(anonymous_0)
FN:20,(anonymous_1)
FN:35,(anonymous_2)
FN:43,(anonymous_3)
FN:56,formatQueryParams
FN:59,(anonymous_5)
FN:66,formatJobList
FN:74,Results
FN:102,(anonymous_8)
FN:116,(anonymous_9)
FNF:10
FNH:10
FNDA:1,(anonymous_0)
FNDA:1,(anonymous_1)
FNDA:4,(anonymous_2)
FNDA:2,(anonymous_3)
FNDA:4,formatQueryParams
FNDA:3,(anonymous_5)
FNDA:4,formatJobList
FNDA:2,Results
FNDA:2,(anonymous_8)
FNDA:2,(anonymous_9)
DA:9,1
DA:16,1
DA:19,1
DA:20,1
DA:30,1
DA:34,1
DA:36,4
DA:40,1
DA:43,2
DA:51,1
DA:57,4
DA:59,4
DA:60,3
DA:61,3
DA:62,3
DA:67,4
DA:68,2
DA:70,2
DA:75,2
DA:76,2
DA:77,2
DA:79,2
DA:83,2
DA:84,0
DA:87,2
DA:89,2
DA:90,0
DA:93,2
DA:103,2
DA:117,2
LF:30
LH:28
BRDA:16,0,0,1
BRDA:16,0,1,0
BRDA:20,1,0,1
BRDA:20,1,1,0
BRDA:36,2,0,4
BRDA:36,2,1,0
BRDA:43,3,0,2
BRDA:43,3,1,0
BRDA:61,4,0,2
BRDA:61,4,1,1
BRDA:67,5,0,2
BRDA:67,5,1,2
BRDA:83,6,0,0
BRDA:83,6,1,2
BRDA:89,7,0,0
BRDA:89,7,1,2
BRDA:93,8,0,1
BRDA:93,8,1,1
BRDA:101,9,0,1
BRDA:101,9,1,1
BRDA:115,10,0,1
BRDA:115,10,1,1
BRF:22
BRH:16
end_of_record
TN:
SF:src\pages\Survey\index.jsx
FN:19,(anonymous_0)
FN:24,(anonymous_1)
FN:30,(anonymous_2)
FN:44,(anonymous_3)
FN:46,(anonymous_4)
FN:49,(anonymous_5)
FN:64,Survey
FN:73,saveReply
FN:95,(anonymous_8)
FN:102,(anonymous_9)
FNF:10
FNH:0
FNDA:0,(anonymous_0)
FNDA:0,(anonymous_1)
FNDA:0,(anonymous_2)
FNDA:0,(anonymous_3)
FNDA:0,(anonymous_4)
FNDA:0,(anonymous_5)
FNDA:0,Survey
FNDA:0,saveReply
FNDA:0,(anonymous_8)
FNDA:0,(anonymous_9)
DA:10,0
DA:16,0
DA:19,0
DA:22,0
DA:24,0
DA:27,0
DA:30,0
DA:37,0
DA:45,0
DA:46,0
DA:50,0
DA:59,0
DA:65,0
DA:66,0
DA:67,0
DA:68,0
DA:69,0
DA:71,0
DA:74,0
DA:76,0
DA:77,0
DA:79,0
DA:80,0
DA:83,0
DA:95,0
DA:102,0
LF:26
LH:0
BRDA:19,0,0,0
BRDA:19,0,1,0
BRDA:24,1,0,0
BRDA:24,1,1,0
BRDA:30,2,0,0
BRDA:30,2,1,0
BRDA:45,3,0,0
BRDA:45,3,1,0
BRDA:46,4,0,0
BRDA:46,4,1,0
BRDA:50,5,0,0
BRDA:50,5,1,0
BRDA:67,6,0,0
BRDA:67,6,1,0
BRDA:79,7,0,0
BRDA:79,7,1,0
BRDA:86,8,0,0
BRDA:86,8,1,0
BRDA:111,9,0,0
BRDA:111,9,1,0
BRDA:111,10,0,0
BRDA:111,10,1,0
BRF:22
BRH:0
end_of_record
TN:
SF:src\utils\context\index.jsx
FN:5,(anonymous_0)
FN:7,(anonymous_1)
FN:20,(anonymous_2)
FN:22,(anonymous_3)
FNF:4
FNH:3
FNDA:8,(anonymous_0)
FNDA:1,(anonymous_1)
FNDA:2,(anonymous_2)
FNDA:0,(anonymous_3)
DA:3,5
DA:5,5
DA:6,8
DA:7,8
DA:8,1
DA:11,8
DA:18,5
DA:20,5
DA:21,2
DA:22,2
DA:23,0
DA:26,2
LF:12
LH:11
BRDA:8,0,0,1
BRDA:8,0,1,0
BRF:2
BRH:1
end_of_record
TN:
SF:src\utils\hooks\index.jsx
FN:4,useFetch
FN:9,(anonymous_1)
FN:12,fetchData
FN:29,useTheme
FNF:4
FNH:4
FNDA:4,useFetch
FNDA:2,(anonymous_1)
FNDA:2,fetchData
FNDA:8,useTheme
DA:5,4
DA:6,4
DA:7,4
DA:9,4
DA:10,2
DA:11,2
DA:13,2
DA:14,2
DA:15,2
DA:16,2
DA:18,0
DA:19,0
DA:21,2
DA:24,2
DA:26,4
DA:30,8
DA:31,8
LF:17
LH:15
BRDA:10,0,0,0
BRDA:10,0,1,2
BRF:2
BRH:1
end_of_record
TN:
SF:src\utils\style\Atoms.jsx
FN:30,(anonymous_0)
FNF:1
FNH:1
FNDA:2,(anonymous_0)
DA:5,3
DA:14,3
DA:24,3
DA:31,2
LF:4
LH:4
BRDA:31,0,0,2
BRDA:31,0,1,2
BRF:2
BRH:2
end_of_record
TN:
SF:src\utils\style\GlobalStyle.jsx
FN:10,(anonymous_0)
FN:16,GlobalStyle
FNF:2
FNH:0
FNDA:0,(anonymous_0)
FNDA:0,GlobalStyle
DA:5,0
DA:11,0
DA:17,0
DA:18,0
LF:4
LH:0
BRDA:11,0,0,0
BRDA:11,0,1,0
BRF:2
BRH:0
end_of_record
TN:
SF:src\utils\style\colors.js
FNF:0
FNH:0
DA:1,5
LF:1
LH:1
BRF:0
BRH:0
end_of_record
TN:
SF:src\utils\test\index.jsx
FN:5,render
FN:6,Wrapper
FNF:2
FNH:2
FNDA:2,render
FNDA:2,Wrapper
DA:7,2
DA:15,2
LF:2
LH:2
BRF:0
BRH:0
end_of_record
